<?xml version="1.0" encoding="UTF-8"?>
<!-- Generated by org.testng.reporters.JUnitXMLReporter -->
<testsuite ignored="0" hostname="WIN2" failures="0" tests="2" name="Default test" time="21.502" errors="0" timestamp="2023-07-07T00:23:19 ICT">
  <testcase classname="automation.testsuite.ThangDuong.Day13_LoginTest" name="loginFail_IncorrectPass" time="3.076"/>
  <testcase classname="automation.testsuite.ThangDuong.Day13_LoginTest" name="loginSuccesfully" time="5.504"/>
</testsuite> <!-- Default test -->
