<?xml version="1.0" encoding="UTF-8"?>
<testng-results ignored="0" total="1" passed="1" failed="0" skipped="0">
  <reporter-output>
  </reporter-output>
  <suite started-at="2023-07-13T21:36:06 ICT" name="Default suite" finished-at="2023-07-13T21:36:20 ICT" duration-ms="14835">
    <groups>
    </groups>
    <test started-at="2023-07-13T21:36:06 ICT" name="Default test" finished-at="2023-07-13T21:36:20 ICT" duration-ms="14835">
      <class name="alert_Day16.AlertSenkeys">
        <test-method is-config="true" signature="openPage()[pri:0, instance:alert_Day16.AlertSenkeys@5b218417]" started-at="2023-07-13T21:36:06 ICT" name="openPage" finished-at="2023-07-13T21:36:14 ICT" duration-ms="8452" status="PASS">
          <reporter-output>
          </reporter-output>
        </test-method> <!-- openPage -->
        <test-method signature="TestAlert()[pri:0, instance:alert_Day16.AlertSenkeys@5b218417]" started-at="2023-07-13T21:36:14 ICT" name="TestAlert" finished-at="2023-07-13T21:36:20 ICT" duration-ms="6311" status="PASS">
          <reporter-output>
          </reporter-output>
        </test-method> <!-- TestAlert -->
      </class> <!-- alert_Day16.AlertSenkeys -->
    </test> <!-- Default test -->
  </suite> <!-- Default suite -->
</testng-results>
