<?xml version="1.0" encoding="UTF-8"?>
<testng-results ignored="1" total="1" passed="0" failed="0" skipped="0">
  <reporter-output>
  </reporter-output>
  <suite started-at="2023-07-09T08:33:31 ICT" name="Default suite" finished-at="2023-07-09T08:33:47 ICT" duration-ms="15315">
    <groups>
    </groups>
    <test started-at="2023-07-09T08:33:31 ICT" name="Default test" finished-at="2023-07-09T08:33:47 ICT" duration-ms="15315">
      <class name="automation.testsuite.Day14_ClientsTest">
        <test-method is-config="true" signature="initChrome()[pri:0, instance:automation.testsuite.Day14_ClientsTest@5524cca1]" started-at="2023-07-09T08:33:31 ICT" name="initChrome" finished-at="2023-07-09T08:33:47 ICT" duration-ms="15297" status="PASS">
          <reporter-output>
          </reporter-output>
        </test-method> <!-- initChrome -->
      </class> <!-- automation.testsuite.Day14_ClientsTest -->
    </test> <!-- Default test -->
  </suite> <!-- Default suite -->
</testng-results>
