<?xml version="1.0" encoding="UTF-8"?>
<testng-results ignored="0" total="1" passed="1" failed="0" skipped="0">
  <reporter-output>
  </reporter-output>
  <suite started-at="2023-07-09T18:03:30 ICT" name="Default suite" finished-at="2023-07-09T18:03:55 ICT" duration-ms="24841">
    <groups>
    </groups>
    <test started-at="2023-07-09T18:03:30 ICT" name="Default test" finished-at="2023-07-09T18:03:55 ICT" duration-ms="24841">
      <class name="automation.testsuite.Day14_ClientsTest">
        <test-method is-config="true" signature="initChrome()[pri:0, instance:automation.testsuite.Day14_ClientsTest@645aa696]" started-at="2023-07-09T18:03:30 ICT" name="initChrome" finished-at="2023-07-09T18:03:43 ICT" duration-ms="13142" status="PASS">
          <reporter-output>
          </reporter-output>
        </test-method> <!-- initChrome -->
        <test-method signature="addClient()[pri:0, instance:automation.testsuite.Day14_ClientsTest@645aa696]" started-at="2023-07-09T18:03:44 ICT" name="addClient" finished-at="2023-07-09T18:03:55 ICT" duration-ms="11646" status="PASS">
          <reporter-output>
          </reporter-output>
        </test-method> <!-- addClient -->
      </class> <!-- automation.testsuite.Day14_ClientsTest -->
    </test> <!-- Default test -->
  </suite> <!-- Default suite -->
</testng-results>
