<?xml version="1.0" encoding="UTF-8"?>
<testng-results ignored="0" total="2" passed="1" failed="1" skipped="0">
  <reporter-output>
  </reporter-output>
  <suite started-at="2023-07-16T21:19:44 ICT" name="Default suite" finished-at="2023-07-16T21:20:57 ICT" duration-ms="72946">
    <groups>
    </groups>
    <test started-at="2023-07-16T21:19:44 ICT" name="Default test" finished-at="2023-07-16T21:20:57 ICT" duration-ms="72946">
      <class name="automation.testsuite.Iframe">
        <test-method is-config="true" signature="openPage()[pri:0, instance:automation.testsuite.Iframe@5524cca1]" started-at="2023-07-16T21:19:44 ICT" name="openPage" finished-at="2023-07-16T21:19:53 ICT" duration-ms="8556" status="PASS">
          <reporter-output>
          </reporter-output>
        </test-method> <!-- openPage -->
        <test-method signature="findIframe()[pri:0, instance:automation.testsuite.Iframe@5524cca1]" started-at="2023-07-16T21:19:53 ICT" name="findIframe" finished-at="2023-07-16T21:20:55 ICT" duration-ms="62293" status="PASS">
          <reporter-output>
          </reporter-output>
        </test-method> <!-- findIframe -->
        <test-method signature="handleIframe()[pri:0, instance:automation.testsuite.Iframe@5524cca1]" started-at="2023-07-16T21:20:55 ICT" name="handleIframe" finished-at="2023-07-16T21:20:57 ICT" duration-ms="1992" status="FAIL">
          <exception class="org.openqa.selenium.WebDriverException">
            <message>
              <![CDATA[element click intercepted: Element <iframe src="https://kaopiz.getflycrm.com/api/forms/viewform/?key=99T3ZymG4bUybpN4ntpc09TuAZmjY59IMEl8PeYS5apxZJelGl&amp;referrer=https://codestar.vn" frameborder="0" marginheight="0" marginwidth="0" style="width: 100%; height: 235px;" cd_frame_id_="87ef56766f33baf6c9998778e04ff33a"></iframe> is not clickable at point (1133, 430). Other element would receive the click: <iframe name="f378b28b488d0e" width="1000px" height="1000px" data-testid="dialog_iframe" title="" frameborder="0" allowtransparency="true" allowfullscreen="true" scrolling="no" allow="encrypted-media" src="https://www.facebook.com/v6.0/plugins/customerchat.php?app_id=&amp;attribution=wordpress&amp;attribution_version=1.8&amp;channel=https%3A%2F%2Fstaticxx.facebook.com%2Fx%2Fconnect%2Fxd_arbiter%2F%3Fversion%3D46%23cb%3Df16cc413945eb14%26domain%3Dcodestar.vn%26is_canvas%3Dfalse%26origin%3Dhttps%253A%252F%252Fcodestar.vn%252Ff3e600b2a7d19d4%26relation%3Dparent.parent&amp;container_width=1349&amp;current_url=https%3A%2F%2Fcodestar.vn%2F&amp;is_loaded_by_facade=true&amp;locale=vi_VN&amp;log_id=d7cfe459-b25c-460a-b7b7-f697e74fb196&amp;page_id=101976181756213&amp;request_time=1689517203639&amp;sdk=joey" style="padding: 0px; position: fixed; z-index: 2147483646; border-radius: 16px; top: auto; background: none; width: 399px; bottom: 84px; max-height: calc(100% - 84px); right: 16px; visibility: visible; height: 445px;" class=""></iframe>
  (Session info: chrome=114.0.5735.199)
  (Driver info: chromedriver=113.0.5672.63 (0e1a4471d5ae5bf128b1bd8f4d627c8cbd55f70c-refs/branch-heads/5672@{#912}),platform=Windows NT 10.0.19045 x86_64) (WARNING: The server did not provide any stacktrace information)
Command duration or timeout: 1.27 seconds
Build info: version: '2.53.1', revision: 'a36b8b1cd5757287168e54b817830adce9b0158d', time: '2016-06-30 19:26:09'
System info: host: 'WIN2', ip: '10.20.0.173', os.name: 'Windows 10', os.arch: 'amd64', os.version: '10.0', java.version: '17.0.7'
Driver info: org.openqa.selenium.chrome.ChromeDriver
Capabilities [{mobileEmulationEnabled=false, timeouts={implicit=0, pageLoad=300000, script=30000}, hasTouchScreen=false, platform=XP, acceptSslCerts=false, goog:chromeOptions={debuggerAddress=localhost:57912}, webauthn:extension:credBlob=true, acceptInsecureCerts=false, webStorageEnabled=true, browserName=chrome, takesScreenshot=true, javascriptEnabled=true, setWindowRect=true, webauthn:extension:largeBlob=true, unexpectedAlertBehaviour=ignore, rotatable=false, networkConnectionEnabled=false, chrome={chromedriverVersion=113.0.5672.63 (0e1a4471d5ae5bf128b1bd8f4d627c8cbd55f70c-refs/branch-heads/5672@{#912}), userDataDir=C:\Users\DUCTHA~1\AppData\Local\Temp\scoped_dir19812_1142928351}, takesHeapSnapshot=true, pageLoadStrategy=normal, strictFileInteractability=false, databaseEnabled=false, handlesAlerts=true, version=114.0.5735.199, browserConnectionEnabled=false, proxy={}, nativeEvents=true, webauthn:extension:minPinLength=true, webauthn:extension:prf=true, locationContextEnabled=true, cssSelectorsEnabled=true, webauthn:virtualAuthenticators=true}]
Session ID: d1b4dc821ba8f1694aab2ac463eddcdd]]>
            </message>
            <full-stacktrace>
              <![CDATA[org.openqa.selenium.WebDriverException: element click intercepted: Element <iframe src="https://kaopiz.getflycrm.com/api/forms/viewform/?key=99T3ZymG4bUybpN4ntpc09TuAZmjY59IMEl8PeYS5apxZJelGl&amp;referrer=https://codestar.vn" frameborder="0" marginheight="0" marginwidth="0" style="width: 100%; height: 235px;" cd_frame_id_="87ef56766f33baf6c9998778e04ff33a"></iframe> is not clickable at point (1133, 430). Other element would receive the click: <iframe name="f378b28b488d0e" width="1000px" height="1000px" data-testid="dialog_iframe" title="" frameborder="0" allowtransparency="true" allowfullscreen="true" scrolling="no" allow="encrypted-media" src="https://www.facebook.com/v6.0/plugins/customerchat.php?app_id=&amp;attribution=wordpress&amp;attribution_version=1.8&amp;channel=https%3A%2F%2Fstaticxx.facebook.com%2Fx%2Fconnect%2Fxd_arbiter%2F%3Fversion%3D46%23cb%3Df16cc413945eb14%26domain%3Dcodestar.vn%26is_canvas%3Dfalse%26origin%3Dhttps%253A%252F%252Fcodestar.vn%252Ff3e600b2a7d19d4%26relation%3Dparent.parent&amp;container_width=1349&amp;current_url=https%3A%2F%2Fcodestar.vn%2F&amp;is_loaded_by_facade=true&amp;locale=vi_VN&amp;log_id=d7cfe459-b25c-460a-b7b7-f697e74fb196&amp;page_id=101976181756213&amp;request_time=1689517203639&amp;sdk=joey" style="padding: 0px; position: fixed; z-index: 2147483646; border-radius: 16px; top: auto; background: none; width: 399px; bottom: 84px; max-height: calc(100% - 84px); right: 16px; visibility: visible; height: 445px;" class=""></iframe>
  (Session info: chrome=114.0.5735.199)
  (Driver info: chromedriver=113.0.5672.63 (0e1a4471d5ae5bf128b1bd8f4d627c8cbd55f70c-refs/branch-heads/5672@{#912}),platform=Windows NT 10.0.19045 x86_64) (WARNING: The server did not provide any stacktrace information)
Command duration or timeout: 1.27 seconds
Build info: version: '2.53.1', revision: 'a36b8b1cd5757287168e54b817830adce9b0158d', time: '2016-06-30 19:26:09'
System info: host: 'WIN2', ip: '10.20.0.173', os.name: 'Windows 10', os.arch: 'amd64', os.version: '10.0', java.version: '17.0.7'
Driver info: org.openqa.selenium.chrome.ChromeDriver
Capabilities [{mobileEmulationEnabled=false, timeouts={implicit=0, pageLoad=300000, script=30000}, hasTouchScreen=false, platform=XP, acceptSslCerts=false, goog:chromeOptions={debuggerAddress=localhost:57912}, webauthn:extension:credBlob=true, acceptInsecureCerts=false, webStorageEnabled=true, browserName=chrome, takesScreenshot=true, javascriptEnabled=true, setWindowRect=true, webauthn:extension:largeBlob=true, unexpectedAlertBehaviour=ignore, rotatable=false, networkConnectionEnabled=false, chrome={chromedriverVersion=113.0.5672.63 (0e1a4471d5ae5bf128b1bd8f4d627c8cbd55f70c-refs/branch-heads/5672@{#912}), userDataDir=C:\Users\DUCTHA~1\AppData\Local\Temp\scoped_dir19812_1142928351}, takesHeapSnapshot=true, pageLoadStrategy=normal, strictFileInteractability=false, databaseEnabled=false, handlesAlerts=true, version=114.0.5735.199, browserConnectionEnabled=false, proxy={}, nativeEvents=true, webauthn:extension:minPinLength=true, webauthn:extension:prf=true, locationContextEnabled=true, cssSelectorsEnabled=true, webauthn:virtualAuthenticators=true}]
Session ID: d1b4dc821ba8f1694aab2ac463eddcdd
at java.base/jdk.internal.reflect.NativeConstructorAccessorImpl.newInstance0(Native Method)
at java.base/jdk.internal.reflect.NativeConstructorAccessorImpl.newInstance(NativeConstructorAccessorImpl.java:77)
at java.base/jdk.internal.reflect.DelegatingConstructorAccessorImpl.newInstance(DelegatingConstructorAccessorImpl.java:45)
at java.base/java.lang.reflect.Constructor.newInstanceWithCaller(Constructor.java:499)
at java.base/java.lang.reflect.Constructor.newInstance(Constructor.java:480)
at org.openqa.selenium.remote.ErrorHandler.createThrowable(ErrorHandler.java:206)
at org.openqa.selenium.remote.ErrorHandler.throwIfResponseFailed(ErrorHandler.java:158)
at org.openqa.selenium.remote.RemoteWebDriver.execute(RemoteWebDriver.java:678)
at org.openqa.selenium.remote.RemoteWebElement.execute(RemoteWebElement.java:327)
at org.openqa.selenium.remote.RemoteWebElement.click(RemoteWebElement.java:85)
at automation.common.CommonBase.click(CommonBase.java:85)
at automation.testsuite.Iframe.handleIframe(Iframe.java:25)
at java.base/jdk.internal.reflect.NativeMethodAccessorImpl.invoke0(Native Method)
at java.base/jdk.internal.reflect.NativeMethodAccessorImpl.invoke(NativeMethodAccessorImpl.java:77)
at java.base/jdk.internal.reflect.DelegatingMethodAccessorImpl.invoke(DelegatingMethodAccessorImpl.java:43)
at java.base/java.lang.reflect.Method.invoke(Method.java:568)
at org.testng.internal.MethodInvocationHelper.invokeMethod(MethodInvocationHelper.java:133)
at org.testng.internal.TestInvoker.invokeMethod(TestInvoker.java:598)
at org.testng.internal.TestInvoker.invokeTestMethod(TestInvoker.java:173)
at org.testng.internal.MethodRunner.runInSequence(MethodRunner.java:46)
at org.testng.internal.TestInvoker$MethodInvocationAgent.invoke(TestInvoker.java:824)
at org.testng.internal.TestInvoker.invokeTestMethods(TestInvoker.java:146)
at org.testng.internal.TestMethodWorker.invokeTestMethods(TestMethodWorker.java:146)
at org.testng.internal.TestMethodWorker.run(TestMethodWorker.java:128)
at java.base/java.util.ArrayList.forEach(ArrayList.java:1511)
at org.testng.TestRunner.privateRun(TestRunner.java:794)
at org.testng.TestRunner.run(TestRunner.java:596)
at org.testng.SuiteRunner.runTest(SuiteRunner.java:377)
at org.testng.SuiteRunner.runSequentially(SuiteRunner.java:371)
at org.testng.SuiteRunner.privateRun(SuiteRunner.java:332)
at org.testng.SuiteRunner.run(SuiteRunner.java:276)
at org.testng.SuiteRunnerWorker.runSuite(SuiteRunnerWorker.java:53)
at org.testng.SuiteRunnerWorker.run(SuiteRunnerWorker.java:96)
at org.testng.TestNG.runSuitesSequentially(TestNG.java:1212)
at org.testng.TestNG.runSuitesLocally(TestNG.java:1134)
at org.testng.TestNG.runSuites(TestNG.java:1063)
at org.testng.TestNG.run(TestNG.java:1031)
at org.testng.remote.AbstractRemoteTestNG.run(AbstractRemoteTestNG.java:115)
at org.testng.remote.RemoteTestNG.initAndRun(RemoteTestNG.java:251)
at org.testng.remote.RemoteTestNG.main(RemoteTestNG.java:77)
]]>
            </full-stacktrace>
          </exception> <!-- org.openqa.selenium.WebDriverException -->
          <reporter-output>
          </reporter-output>
        </test-method> <!-- handleIframe -->
      </class> <!-- automation.testsuite.Iframe -->
    </test> <!-- Default test -->
  </suite> <!-- Default suite -->
</testng-results>
