<?xml version="1.0" encoding="UTF-8"?>
<testng-results ignored="0" total="1" passed="1" failed="0" skipped="0">
  <reporter-output>
  </reporter-output>
  <suite started-at="2023-07-19T23:51:13 ICT" name="Default suite" finished-at="2023-07-19T23:51:18 ICT" duration-ms="5209">
    <groups>
    </groups>
    <test started-at="2023-07-19T23:51:13 ICT" name="Default test" finished-at="2023-07-19T23:51:18 ICT" duration-ms="5209">
      <class name="flights_OneWay.Flight_Test">
        <test-method is-config="true" signature="openChrome()[pri:0, instance:flights_OneWay.Flight_Test@5524cca1]" started-at="2023-07-19T23:51:13 ICT" name="openChrome" finished-at="2023-07-19T23:51:16 ICT" duration-ms="3737" status="PASS">
          <reporter-output>
          </reporter-output>
        </test-method> <!-- openChrome -->
        <test-method signature="flight()[pri:0, instance:flights_OneWay.Flight_Test@5524cca1]" started-at="2023-07-19T23:51:17 ICT" name="flight" finished-at="2023-07-19T23:51:18 ICT" duration-ms="1441" status="PASS">
          <reporter-output>
          </reporter-output>
        </test-method> <!-- flight -->
        <test-method is-config="true" signature="closeChrome()[pri:0, instance:flights_OneWay.Flight_Test@5524cca1]" started-at="2023-07-19T23:51:18 ICT" name="closeChrome" finished-at="2023-07-19T23:51:18 ICT" duration-ms="0" status="PASS">
          <reporter-output>
          </reporter-output>
        </test-method> <!-- closeChrome -->
      </class> <!-- flights_OneWay.Flight_Test -->
    </test> <!-- Default test -->
  </suite> <!-- Default suite -->
</testng-results>
